0 info it worked if it ends with ok
1 verbose cli [ 'D:\\tools\\nodeJs\\\\node.exe',
1 verbose cli   'D:\\tools\\nodeJs\\node_modules\\npm\\bin\\npm-cli.js',
1 verbose cli   'install',
1 verbose cli   'karma',
1 verbose cli   'karma-jasmine',
1 verbose cli   'karma-chrome-lancher',
1 verbose cli   '-g',
1 verbose cli   '--save-dev' ]
2 info using npm@1.4.28
3 info using node@v0.10.35
4 verbose node symlink D:\tools\nodeJs\\node.exe
5 verbose cache add [ 'karma', null ]
6 verbose cache add name=undefined spec="karma" args=["karma",null]
7 verbose parsed url { protocol: null,
7 verbose parsed url   slashes: null,
7 verbose parsed url   auth: null,
7 verbose parsed url   host: null,
7 verbose parsed url   port: null,
7 verbose parsed url   hostname: null,
7 verbose parsed url   hash: null,
7 verbose parsed url   search: null,
7 verbose parsed url   query: null,
7 verbose parsed url   pathname: 'karma',
7 verbose parsed url   path: 'karma',
7 verbose parsed url   href: 'karma' }
8 verbose cache add [ 'karma-jasmine', null ]
9 verbose cache add name=undefined spec="karma-jasmine" args=["karma-jasmine",null]
10 verbose parsed url { protocol: null,
10 verbose parsed url   slashes: null,
10 verbose parsed url   auth: null,
10 verbose parsed url   host: null,
10 verbose parsed url   port: null,
10 verbose parsed url   hostname: null,
10 verbose parsed url   hash: null,
10 verbose parsed url   search: null,
10 verbose parsed url   query: null,
10 verbose parsed url   pathname: 'karma-jasmine',
10 verbose parsed url   path: 'karma-jasmine',
10 verbose parsed url   href: 'karma-jasmine' }
11 verbose cache add [ 'karma-chrome-lancher', null ]
12 verbose cache add name=undefined spec="karma-chrome-lancher" args=["karma-chrome-lancher",null]
13 verbose parsed url { protocol: null,
13 verbose parsed url   slashes: null,
13 verbose parsed url   auth: null,
13 verbose parsed url   host: null,
13 verbose parsed url   port: null,
13 verbose parsed url   hostname: null,
13 verbose parsed url   hash: null,
13 verbose parsed url   search: null,
13 verbose parsed url   query: null,
13 verbose parsed url   pathname: 'karma-chrome-lancher',
13 verbose parsed url   path: 'karma-chrome-lancher',
13 verbose parsed url   href: 'karma-chrome-lancher' }
14 silly lockFile 512423cb-karma karma
15 verbose lock karma D:\tools\npm-cache\512423cb-karma.lock
16 silly lockFile df56d5e8-karma-jasmine karma-jasmine
17 verbose lock karma-jasmine D:\tools\npm-cache\df56d5e8-karma-jasmine.lock
18 silly lockFile bbe1d532-karma-chrome-lancher karma-chrome-lancher
19 verbose lock karma-chrome-lancher D:\tools\npm-cache\bbe1d532-karma-chrome-lancher.lock
20 silly lockFile 512423cb-karma karma
21 silly lockFile 512423cb-karma karma
22 silly lockFile bbe1d532-karma-chrome-lancher karma-chrome-lancher
23 silly lockFile bbe1d532-karma-chrome-lancher karma-chrome-lancher
24 verbose addNamed [ 'karma', '' ]
25 verbose addNamed [ null, '*' ]
26 silly lockFile cd7961bb-karma karma@
27 verbose lock karma@ D:\tools\npm-cache\cd7961bb-karma.lock
28 verbose addNamed [ 'karma-chrome-lancher', '' ]
29 verbose addNamed [ null, '*' ]
30 silly lockFile 1afc11b4-karma-chrome-lancher karma-chrome-lancher@
31 verbose lock karma-chrome-lancher@ D:\tools\npm-cache\1afc11b4-karma-chrome-lancher.lock
32 silly lockFile df56d5e8-karma-jasmine karma-jasmine
33 silly lockFile df56d5e8-karma-jasmine karma-jasmine
34 silly addNameRange { name: 'karma', range: '*', hasData: false }
35 verbose addNamed [ 'karma-jasmine', '' ]
36 verbose addNamed [ null, '*' ]
37 silly lockFile a9316641-karma-jasmine karma-jasmine@
38 verbose lock karma-jasmine@ D:\tools\npm-cache\a9316641-karma-jasmine.lock
39 silly addNameRange { name: 'karma-chrome-lancher', range: '*', hasData: false }
40 verbose request where is /karma-chrome-lancher
41 verbose request registry https://registry.npmjs.org/
42 verbose request id c57714e0bd480d3d
43 verbose url raw /karma-chrome-lancher
44 verbose url resolving [ 'https://registry.npmjs.org/', './karma-chrome-lancher' ]
45 verbose url resolved https://registry.npmjs.org/karma-chrome-lancher
46 verbose request where is https://registry.npmjs.org/karma-chrome-lancher
47 info trying registry request attempt 1 at 14:55:47
48 http GET https://registry.npmjs.org/karma-chrome-lancher
49 silly addNameRange { name: 'karma-jasmine', range: '*', hasData: false }
50 verbose request where is /karma-jasmine
51 verbose request registry https://registry.npmjs.org/
52 verbose url raw /karma-jasmine
53 verbose url resolving [ 'https://registry.npmjs.org/', './karma-jasmine' ]
54 verbose url resolved https://registry.npmjs.org/karma-jasmine
55 verbose request where is https://registry.npmjs.org/karma-jasmine
56 info trying registry request attempt 1 at 14:55:47
57 http GET https://registry.npmjs.org/karma-jasmine
58 verbose request where is /karma
59 verbose request registry https://registry.npmjs.org/
60 verbose url raw /karma
61 verbose url resolving [ 'https://registry.npmjs.org/', './karma' ]
62 verbose url resolved https://registry.npmjs.org/karma
63 verbose request where is https://registry.npmjs.org/karma
64 info trying registry request attempt 1 at 14:55:47
65 verbose etag "CSKE34KM8UL5O2T0XKX5JIMTO"
66 http GET https://registry.npmjs.org/karma
67 http 404 https://registry.npmjs.org/karma-chrome-lancher
68 verbose headers { date: 'Mon, 05 Jan 2015 06:55:43 GMT',
68 verbose headers   server: 'CouchDB/1.5.0 (Erlang OTP/R16B03)',
68 verbose headers   'content-type': 'application/json',
68 verbose headers   'cache-control': 'max-age=0',
68 verbose headers   'content-length': '52',
68 verbose headers   'accept-ranges': 'bytes',
68 verbose headers   via: '1.1 varnish',
68 verbose headers   age: '0',
68 verbose headers   'x-served-by': 'cache-ty66-TYO',
68 verbose headers   'x-cache': 'MISS',
68 verbose headers   'x-cache-hits': '0',
68 verbose headers   'x-timer': 'S1420440943.163973,VS0,VE116',
68 verbose headers   'keep-alive': 'timeout=10, max=50',
68 verbose headers   connection: 'Keep-Alive' }
69 silly registry.get cb [ 404,
69 silly registry.get   { date: 'Mon, 05 Jan 2015 06:55:43 GMT',
69 silly registry.get     server: 'CouchDB/1.5.0 (Erlang OTP/R16B03)',
69 silly registry.get     'content-type': 'application/json',
69 silly registry.get     'cache-control': 'max-age=0',
69 silly registry.get     'content-length': '52',
69 silly registry.get     'accept-ranges': 'bytes',
69 silly registry.get     via: '1.1 varnish',
69 silly registry.get     age: '0',
69 silly registry.get     'x-served-by': 'cache-ty66-TYO',
69 silly registry.get     'x-cache': 'MISS',
69 silly registry.get     'x-cache-hits': '0',
69 silly registry.get     'x-timer': 'S1420440943.163973,VS0,VE116',
69 silly registry.get     'keep-alive': 'timeout=10, max=50',
69 silly registry.get     connection: 'Keep-Alive' } ]
70 silly lockFile 1afc11b4-karma-chrome-lancher karma-chrome-lancher@
71 silly lockFile 1afc11b4-karma-chrome-lancher karma-chrome-lancher@
72 http 304 https://registry.npmjs.org/karma
73 silly registry.get cb [ 304,
73 silly registry.get   { date: 'Mon, 05 Jan 2015 06:55:43 GMT',
73 silly registry.get     server: 'Apache',
73 silly registry.get     via: '1.1 varnish',
73 silly registry.get     'last-modified': 'Mon, 05 Jan 2015 06:51:18 GMT',
73 silly registry.get     'cache-control': 'max-age=60',
73 silly registry.get     etag: '"CSKE34KM8UL5O2T0XKX5JIMTO"',
73 silly registry.get     age: '23',
73 silly registry.get     'x-served-by': 'cache-ty68-TYO',
73 silly registry.get     'x-cache': 'HIT',
73 silly registry.get     'x-cache-hits': '7',
73 silly registry.get     'x-timer': 'S1420440943.360160,VS0,VE0',
73 silly registry.get     vary: 'Accept',
73 silly registry.get     'content-length': '0',
73 silly registry.get     'keep-alive': 'timeout=10, max=50',
73 silly registry.get     connection: 'Keep-Alive' } ]
74 verbose etag https://registry.npmjs.org/karma from cache
75 silly addNameRange number 2 { name: 'karma', range: '*', hasData: true }
76 silly addNameRange versions [ 'karma',
76 silly addNameRange   [ '0.8.0',
76 silly addNameRange     '0.9.0-dart',
76 silly addNameRange     '0.8.1',
76 silly addNameRange     '0.8.2',
76 silly addNameRange     '0.8.3',
76 silly addNameRange     '0.9.0',
76 silly addNameRange     '0.8.4',
76 silly addNameRange     '0.9.1',
76 silly addNameRange     '0.8.5',
76 silly addNameRange     '0.9.2',
76 silly addNameRange     '0.9.2-dart',
76 silly addNameRange     '0.9.3',
76 silly addNameRange     '0.8.6',
76 silly addNameRange     '0.9.4',
76 silly addNameRange     '0.8.7',
76 silly addNameRange     '0.9.5',
76 silly addNameRange     '0.9.6',
76 silly addNameRange     '0.8.8',
76 silly addNameRange     '0.9.7',
76 silly addNameRange     '0.9.8',
76 silly addNameRange     '0.10.0',
76 silly addNameRange     '0.10.1',
76 silly addNameRange     '0.10.2',
76 silly addNameRange     '0.11.0',
76 silly addNameRange     '0.11.1',
76 silly addNameRange     '0.10.3',
76 silly addNameRange     '0.10.4',
76 silly addNameRange     '0.11.2',
76 silly addNameRange     '0.11.3',
76 silly addNameRange     '0.10.5',
76 silly addNameRange     '0.11.4',
76 silly addNameRange     '0.11.5',
76 silly addNameRange     '0.10.6',
76 silly addNameRange     '0.11.6',
76 silly addNameRange     '0.10.7',
76 silly addNameRange     '0.11.7',
76 silly addNameRange     '0.11.8',
76 silly addNameRange     '0.11.9',
76 silly addNameRange     '0.10.8',
76 silly addNameRange     '0.11.10',
76 silly addNameRange     '0.11.11',
76 silly addNameRange     '0.11.12',
76 silly addNameRange     '0.11.11-dev',
76 silly addNameRange     '0.10.9',
76 silly addNameRange     '0.11.12-dev',
76 silly addNameRange     '0.11.12-dev2',
76 silly addNameRange     '0.11.13',
76 silly addNameRange     '0.11.14',
76 silly addNameRange     '0.12.0',
76 silly addNameRange     '0.10.10',
76 silly addNameRange     '0.12.1',
76 silly addNameRange     '0.12.2',
76 silly addNameRange     '0.12.3',
76 silly addNameRange     '0.12.4',
76 silly addNameRange     '0.12.5',
76 silly addNameRange     '0.12.6',
76 silly addNameRange     '0.12.6-beta-43e6e28',
76 silly addNameRange     '0.12.7',
76 silly addNameRange     '0.12.8',
76 silly addNameRange     '0.12.9',
76 silly addNameRange     '0.12.10',
76 silly addNameRange     '0.12.11',
76 silly addNameRange     '0.12.12',
76 silly addNameRange     '0.12.11-beta-3029418',
76 silly addNameRange     '0.12.13',
76 silly addNameRange     '0.12.14',
76 silly addNameRange     '0.12.15',
76 silly addNameRange     '0.12.16',
76 silly addNameRange     '0.12.16-beta-905422d',
76 silly addNameRange     '0.12.17',
76 silly addNameRange     '0.12.18',
76 silly addNameRange     '0.12.19',
76 silly addNameRange     '0.12.20',
76 silly addNameRange     '0.12.21',
76 silly addNameRange     '0.12.22',
76 silly addNameRange     '0.12.23',
76 silly addNameRange     '0.12.24',
76 silly addNameRange     '0.12.24-beta-6cf7955',
76 silly addNameRange     '0.12.25',
76 silly addNameRange     '0.12.25-beta-37a7958',
76 silly addNameRange     '0.12.25-beta-ad5bc24',
76 silly addNameRange     '0.12.26',
76 silly addNameRange     '0.12.27',
76 silly addNameRange     '0.12.28',
76 silly addNameRange     '0.12.28-beta-b9be580',
76 silly addNameRange     '0.12.29',
76 silly addNameRange     '0.12.30',
76 silly addNameRange     '0.12.31',
76 silly addNameRange     '0.12.28-beta-f65c864' ] ]
77 verbose addNamed [ 'karma', '0.12.31' ]
78 verbose addNamed [ '0.12.31', '0.12.31' ]
79 silly lockFile feea9de1-karma-0-12-31 karma@0.12.31
80 verbose lock karma@0.12.31 D:\tools\npm-cache\feea9de1-karma-0-12-31.lock
81 silly lockFile feea9de1-karma-0-12-31 karma@0.12.31
82 silly lockFile feea9de1-karma-0-12-31 karma@0.12.31
83 silly lockFile cd7961bb-karma karma@
84 silly lockFile cd7961bb-karma karma@
85 http 200 https://registry.npmjs.org/karma-jasmine
86 silly registry.get cb [ 200,
86 silly registry.get   { date: 'Mon, 05 Jan 2015 06:55:44 GMT',
86 silly registry.get     server: 'CouchDB/1.5.0 (Erlang OTP/R14B04)',
86 silly registry.get     etag: '"AOMPSDTEXWWW3ZX65FA0NDKC5"',
86 silly registry.get     'content-type': 'application/json',
86 silly registry.get     'cache-control': 'max-age=60',
86 silly registry.get     'content-length': '29643',
86 silly registry.get     'accept-ranges': 'bytes',
86 silly registry.get     via: '1.1 varnish',
86 silly registry.get     age: '25',
86 silly registry.get     'x-served-by': 'cache-ty67-TYO',
86 silly registry.get     'x-cache': 'HIT',
86 silly registry.get     'x-cache-hits': '3',
86 silly registry.get     'x-timer': 'S1420440944.850962,VS0,VE0',
86 silly registry.get     vary: 'Accept',
86 silly registry.get     'keep-alive': 'timeout=10, max=50',
86 silly registry.get     connection: 'Keep-Alive' } ]
87 silly addNameRange number 2 { name: 'karma-jasmine', range: '*', hasData: true }
88 silly addNameRange versions [ 'karma-jasmine',
88 silly addNameRange   [ '0.0.1',
88 silly addNameRange     '0.0.2',
88 silly addNameRange     '0.0.3',
88 silly addNameRange     '0.1.0',
88 silly addNameRange     '0.1.1',
88 silly addNameRange     '0.1.2',
88 silly addNameRange     '0.1.3',
88 silly addNameRange     '0.1.4',
88 silly addNameRange     '0.1.5',
88 silly addNameRange     '0.2.0',
88 silly addNameRange     '0.2.1',
88 silly addNameRange     '0.2.2',
88 silly addNameRange     '0.2.3',
88 silly addNameRange     '0.3.0',
88 silly addNameRange     '0.3.1',
88 silly addNameRange     '0.3.2',
88 silly addNameRange     '0.3.3',
88 silly addNameRange     '0.3.4' ] ]
89 verbose addNamed [ 'karma-jasmine', '0.3.4' ]
90 verbose addNamed [ '0.3.4', '0.3.4' ]
91 silly lockFile d662eb95-karma-jasmine-0-3-4 karma-jasmine@0.3.4
92 verbose lock karma-jasmine@0.3.4 D:\tools\npm-cache\d662eb95-karma-jasmine-0-3-4.lock
93 silly lockFile 4ab11a33--jasmine-karma-jasmine-0-3-4-tgz https://registry.npmjs.org/karma-jasmine/-/karma-jasmine-0.3.4.tgz
94 verbose lock https://registry.npmjs.org/karma-jasmine/-/karma-jasmine-0.3.4.tgz D:\tools\npm-cache\4ab11a33--jasmine-karma-jasmine-0-3-4-tgz.lock
95 verbose addRemoteTarball [ 'https://registry.npmjs.org/karma-jasmine/-/karma-jasmine-0.3.4.tgz',
95 verbose addRemoteTarball   '6f4bda5eab480d09f663a57d686b1eb2ba05339a' ]
96 info retry fetch attempt 1 at 14:55:50
97 verbose fetch to= C:\Users\58\AppData\Local\Temp\npm-7072-sQ99aYh9\registry.npmjs.org\karma-jasmine\-\karma-jasmine-0.3.4.tgz
98 http GET https://registry.npmjs.org/karma-jasmine/-/karma-jasmine-0.3.4.tgz
99 http 200 https://registry.npmjs.org/karma-jasmine/-/karma-jasmine-0.3.4.tgz
100 silly lockFile 4ab11a33--jasmine-karma-jasmine-0-3-4-tgz https://registry.npmjs.org/karma-jasmine/-/karma-jasmine-0.3.4.tgz
101 silly lockFile 4ab11a33--jasmine-karma-jasmine-0-3-4-tgz https://registry.npmjs.org/karma-jasmine/-/karma-jasmine-0.3.4.tgz
102 silly lockFile d662eb95-karma-jasmine-0-3-4 karma-jasmine@0.3.4
103 silly lockFile d662eb95-karma-jasmine-0-3-4 karma-jasmine@0.3.4
104 silly lockFile a9316641-karma-jasmine karma-jasmine@
105 silly lockFile a9316641-karma-jasmine karma-jasmine@
106 error 404 404 Not Found: karma-chrome-lancher
106 error 404
106 error 404 'karma-chrome-lancher' is not in the npm registry.
106 error 404 You should bug the author to publish it
106 error 404
106 error 404 Note that you can also install from a
106 error 404 tarball, folder, or http url, or git url.
107 error System Windows_NT 6.1.7601
108 error command "D:\\tools\\nodeJs\\\\node.exe" "D:\\tools\\nodeJs\\node_modules\\npm\\bin\\npm-cli.js" "install" "karma" "karma-jasmine" "karma-chrome-lancher" "-g" "--save-dev"
109 error cwd F:\github-work\RC
110 error node -v v0.10.35
111 error npm -v 1.4.28
112 error code E404
113 verbose exit [ 1, true ]
